<?xml version="1.0" encoding="UTF-8"?>
<!-- Generated by org.testng.reporters.JUnitReportReporter -->
<testsuite hostname="DESKTOP-VGPD5NJ" failures="0" tests="2" name="com.codecademy.qa.testcases.LoginPageTest" time="59.970" errors="0" timestamp="2022-05-26T17:08:02 BDT" skipped="0">
  <testcase classname="com.codecademy.qa.testcases.LoginPageTest" name="loginPageTitleTest" time="23.538"/>
  <system-out/>
  <testcase classname="com.codecademy.qa.testcases.LoginPageTest" name="LoginTest" time="36.432"/>
  <system-out/>
</testsuite> <!-- com.codecademy.qa.testcases.LoginPageTest -->
