<?xml version="1.0" encoding="UTF-8"?>
<!-- Generated by org.testng.reporters.JUnitReportReporter -->
<testsuite hostname="DESKTOP-VGPD5NJ" failures="0" tests="1" name="com.codecademy.qa.base.BaseClass" time="0.039" errors="0" timestamp="2022-05-26T15:10:03 BDT" skipped="0">
  <testcase classname="com.codecademy.qa.base.BaseClass" name="sample" time="0.039"/>
  <system-out/>
</testsuite> <!-- com.codecademy.qa.base.BaseClass -->
