<?xml version="1.0" encoding="UTF-8"?>
<!-- Generated by org.testng.reporters.JUnitReportReporter -->
<testsuite hostname="DESKTOP-VGPD5NJ" failures="0" tests="2" name="com.restapitest.qa.testcases.GET_Test" time="7.809" errors="0" timestamp="2022-05-27T15:49:40 BDT" skipped="0">
  <testcase classname="com.restapitest.qa.testcases.GET_Test" name="FirstTest" time="5.324"/>
  <system-out/>
  <testcase classname="com.restapitest.qa.testcases.GET_Test" name="secondTest" time="2.485"/>
  <system-out/>
</testsuite> <!-- com.restapitest.qa.testcases.GET_Test -->
