<?xml version="1.0" encoding="UTF-8"?>
<!-- Generated by org.testng.reporters.JUnitReportReporter -->
<testsuite hostname="DESKTOP-VGPD5NJ" failures="0" tests="1" name="com.restapitest.qa.testcases.POST_Test" time="0.036" errors="0" timestamp="2022-05-27T16:41:50 BDT" skipped="0">
  <testcase classname="com.restapitest.qa.testcases.POST_Test" name="FirstPostTest" time="0.036"/>
  <system-out/>
</testsuite> <!-- com.restapitest.qa.testcases.POST_Test -->
