<?xml version="1.0" encoding="UTF-8"?>
<!-- Generated by org.testng.reporters.JUnitReportReporter -->
<testsuite hostname="DESKTOP-VGPD5NJ" failures="0" tests="1" name="com.fanfare.qa.testcases.sampletest" time="14.928" errors="0" timestamp="2022-05-23T21:07:06 BDT" skipped="0">
  <testcase classname="com.fanfare.qa.testcases.sampletest" name="sapleTest" time="14.928"/>
  <system-out/>
</testsuite> <!-- com.fanfare.qa.testcases.sampletest -->
