<?xml version="1.0" encoding="UTF-8"?>
<!-- Generated by org.testng.reporters.JUnitReportReporter -->
<testsuite hostname="DESKTOP-VGPD5NJ" failures="0" tests="1" name="com.fanfare.qa.testcases.LoginTest" time="23.077" errors="0" timestamp="2022-05-26T12:00:48 BDT" skipped="0">
  <testcase classname="com.fanfare.qa.testcases.LoginTest" name="LoginTests" time="23.077"/>
  <system-out/>
</testsuite> <!-- com.fanfare.qa.testcases.LoginTest -->
